<?xml version="1.0" encoding="UTF-8"?>
<coverage generated="1716293844291" clover="3.2.0">
  <project timestamp="1716293844291" name="All files">
    <metrics statements="51" coveredstatements="40" conditionals="39" coveredconditionals="25" methods="9" coveredmethods="8" elements="99" coveredelements="73" complexity="0" loc="51" ncloc="51" packages="1" files="1" classes="1"/>
    <file name="LinkedList.ts" path="C:\Users\Yonatan\Desktop\projects\actual-projects\linked-list\LinkedList.ts">
      <metrics statements="51" coveredstatements="40" conditionals="39" coveredconditionals="25" methods="9" coveredmethods="8"/>
      <line num="2" count="36" type="stmt"/>
      <line num="5" count="36" type="stmt"/>
      <line num="6" count="36" type="stmt"/>
      <line num="10" count="14" type="stmt"/>
      <line num="11" count="14" type="stmt"/>
      <line num="13" count="14" type="stmt"/>
      <line num="14" count="35" type="stmt"/>
      <line num="15" count="35" type="stmt"/>
      <line num="16" count="35" type="stmt"/>
      <line num="20" count="13" type="stmt"/>
      <line num="21" count="13" type="stmt"/>
      <line num="22" count="32" type="stmt"/>
      <line num="24" count="13" type="stmt"/>
      <line num="26" count="14" type="stmt"/>
      <line num="27" count="9" type="cond" truecount="3" falsecount="0"/>
      <line num="28" count="5" type="stmt"/>
      <line num="29" count="5" type="stmt"/>
      <line num="30" count="3" type="cond" truecount="2" falsecount="1"/>
      <line num="31" count="0" type="stmt"/>
      <line num="33" count="3" type="stmt"/>
      <line num="35" count="5" type="cond" truecount="0" falsecount="1"/>
      <line num="36" count="5" type="stmt"/>
      <line num="38" count="14" type="stmt"/>
      <line num="39" count="0" type="cond" truecount="0" falsecount="1"/>
      <line num="40" count="0" type="stmt"/>
      <line num="41" count="0" type="stmt"/>
      <line num="42" count="0" type="stmt"/>
      <line num="43" count="0" type="stmt"/>
      <line num="44" count="0" type="stmt"/>
      <line num="46" count="0" type="stmt"/>
      <line num="47" count="0" type="stmt"/>
      <line num="50" count="4" type="cond" truecount="1" falsecount="0"/>
      <line num="51" count="3" type="stmt"/>
      <line num="52" count="3" type="cond" truecount="1" falsecount="0"/>
      <line num="54" count="1" type="stmt"/>
      <line num="55" count="1" type="stmt"/>
      <line num="57" count="14" type="stmt"/>
      <line num="58" count="2" type="cond" truecount="4" falsecount="1"/>
      <line num="59" count="2" type="stmt"/>
      <line num="61" count="14" type="stmt"/>
      <line num="62" count="3" type="cond" truecount="3" falsecount="0"/>
      <line num="63" count="1" type="stmt"/>
      <line num="64" count="1" type="cond" truecount="3" falsecount="1"/>
      <line num="65" count="1" type="cond" truecount="4" falsecount="1"/>
      <line num="66" count="1" type="cond" truecount="3" falsecount="1"/>
      <line num="67" count="0" type="cond" truecount="0" falsecount="3"/>
      <line num="68" count="0" type="cond" truecount="0" falsecount="4"/>
      <line num="70" count="1" type="cond" truecount="1" falsecount="0"/>
      <line num="71" count="1" type="stmt"/>
      <line num="72" count="1" type="stmt"/>
      <line num="75" count="1" type="stmt"/>
    </file>
  </project>
</coverage>
