{"C:\\Users\\Yonatan\\Desktop\\projects\\actual-projects\\linked-list\\LinkedList.ts": {"path":"C:\\Users\\Yonatan\\Desktop\\projects\\actual-projects\\linked-list\\LinkedList.ts","statementMap":{"0":{"start":{"line":2,"column":9},"end":{"line":2,"column":47}},"1":{"start":{"line":5,"column":4},"end":{"line":5,"column":23}},"2":{"start":{"line":6,"column":4},"end":{"line":6,"column":21}},"3":{"start":{"line":10,"column":4},"end":{"line":10,"column":24}},"4":{"start":{"line":14,"column":9},"end":{"line":14,"column":47}},"5":{"start":{"line":15,"column":9},"end":{"line":15,"column":28}},"6":{"start":{"line":17,"column":9},"end":{"line":21,"column":4}},"7":{"start":{"line":18,"column":20},"end":{"line":18,"column":56}},"8":{"start":{"line":19,"column":4},"end":{"line":19,"column":24}},"9":{"start":{"line":20,"column":4},"end":{"line":20,"column":18}},"10":{"start":{"line":30,"column":9},"end":{"line":41,"column":4}},"11":{"start":{"line":31,"column":4},"end":{"line":31,"column":55}},"12":{"start":{"line":31,"column":43},"end":{"line":31,"column":55}},"13":{"start":{"line":32,"column":22},"end":{"line":32,"column":31}},"14":{"start":{"line":33,"column":4},"end":{"line":38,"column":5}},"15":{"start":{"line":33,"column":17},"end":{"line":33,"column":18}},"16":{"start":{"line":34,"column":6},"end":{"line":36,"column":7}},"17":{"start":{"line":35,"column":8},"end":{"line":35,"column":20}},"18":{"start":{"line":37,"column":6},"end":{"line":37,"column":37}},"19":{"start":{"line":39,"column":4},"end":{"line":39,"column":42}},"20":{"start":{"line":39,"column":30},"end":{"line":39,"column":42}},"21":{"start":{"line":40,"column":4},"end":{"line":40,"column":23}},"22":{"start":{"line":42,"column":9},"end":{"line":52,"column":4}},"23":{"start":{"line":43,"column":4},"end":{"line":43,"column":27}},"24":{"start":{"line":43,"column":20},"end":{"line":43,"column":27}},"25":{"start":{"line":44,"column":22},"end":{"line":44,"column":24}},"26":{"start":{"line":45,"column":48},"end":{"line":45,"column":57}},"27":{"start":{"line":46,"column":4},"end":{"line":49,"column":5}},"28":{"start":{"line":47,"column":6},"end":{"line":47,"column":47}},"29":{"start":{"line":48,"column":6},"end":{"line":48,"column":37}},"30":{"start":{"line":50,"column":4},"end":{"line":50,"column":29}},"31":{"start":{"line":51,"column":4},"end":{"line":51,"column":29}},"32":{"start":{"line":24,"column":30},"end":{"line":24,"column":46}},"33":{"start":{"line":25,"column":4},"end":{"line":27,"column":5}},"34":{"start":{"line":25,"column":17},"end":{"line":25,"column":18}},"35":{"start":{"line":26,"column":6},"end":{"line":26,"column":33}},"36":{"start":{"line":28,"column":4},"end":{"line":28,"column":14}},"37":{"start":{"line":54,"column":4},"end":{"line":54,"column":53}},"38":{"start":{"line":54,"column":21},"end":{"line":54,"column":53}},"39":{"start":{"line":55,"column":17},"end":{"line":55,"column":43}},"40":{"start":{"line":56,"column":4},"end":{"line":56,"column":34}},"41":{"start":{"line":56,"column":22},"end":{"line":56,"column":34}},"42":{"start":{"line":58,"column":4},"end":{"line":58,"column":53}},"43":{"start":{"line":59,"column":4},"end":{"line":59,"column":18}},"44":{"start":{"line":62,"column":0},"end":{"line":62,"column":26}}},"fnMap":{"0":{"name":"(anonymous_0)","decl":{"start":{"line":4,"column":2},"end":{"line":4,"column":14}},"loc":{"start":{"line":4,"column":54},"end":{"line":7,"column":3}}},"1":{"name":"(anonymous_1)","decl":{"start":{"line":9,"column":9},"end":{"line":9,"column":16}},"loc":{"start":{"line":9,"column":50},"end":{"line":11,"column":3}}},"2":{"name":"(anonymous_2)","decl":{"start":{"line":13,"column":0},"end":{"line":13,"column":6}},"loc":{"start":{"line":13,"column":0},"end":{"line":61,"column":1}}},"3":{"name":"(anonymous_3)","decl":{"start":{"line":17,"column":24},"end":{"line":17,"column":25}},"loc":{"start":{"line":17,"column":43},"end":{"line":21,"column":3}}},"4":{"name":"(anonymous_4)","decl":{"start":{"line":30,"column":22},"end":{"line":30,"column":23}},"loc":{"start":{"line":30,"column":40},"end":{"line":41,"column":3}}},"5":{"name":"(anonymous_5)","decl":{"start":{"line":42,"column":24},"end":{"line":42,"column":33}},"loc":{"start":{"line":42,"column":35},"end":{"line":52,"column":3}}},"6":{"name":"(anonymous_6)","decl":{"start":{"line":23,"column":9},"end":{"line":23,"column":15}},"loc":{"start":{"line":23,"column":44},"end":{"line":29,"column":3}}},"7":{"name":"(anonymous_7)","decl":{"start":{"line":53,"column":9},"end":{"line":53,"column":22}},"loc":{"start":{"line":53,"column":46},"end":{"line":60,"column":3}}}},"branchMap":{"0":{"loc":{"start":{"line":31,"column":4},"end":{"line":31,"column":55}},"type":"if","locations":[{"start":{"line":31,"column":4},"end":{"line":31,"column":55}}]},"1":{"loc":{"start":{"line":31,"column":8},"end":{"line":31,"column":41}},"type":"binary-expr","locations":[{"start":{"line":31,"column":8},"end":{"line":31,"column":17}},{"start":{"line":31,"column":21},"end":{"line":31,"column":41}}]},"2":{"loc":{"start":{"line":34,"column":6},"end":{"line":36,"column":7}},"type":"if","locations":[{"start":{"line":34,"column":6},"end":{"line":36,"column":7}}]},"3":{"loc":{"start":{"line":34,"column":10},"end":{"line":34,"column":51}},"type":"binary-expr","locations":[{"start":{"line":34,"column":10},"end":{"line":34,"column":22}},{"start":{"line":34,"column":26},"end":{"line":34,"column":51}}]},"4":{"loc":{"start":{"line":39,"column":4},"end":{"line":39,"column":42}},"type":"if","locations":[{"start":{"line":39,"column":4},"end":{"line":39,"column":42}}]},"5":{"loc":{"start":{"line":43,"column":4},"end":{"line":43,"column":27}},"type":"if","locations":[{"start":{"line":43,"column":4},"end":{"line":43,"column":27}}]},"6":{"loc":{"start":{"line":54,"column":4},"end":{"line":54,"column":53}},"type":"if","locations":[{"start":{"line":54,"column":4},"end":{"line":54,"column":53}}]},"7":{"loc":{"start":{"line":56,"column":4},"end":{"line":56,"column":34}},"type":"if","locations":[{"start":{"line":56,"column":4},"end":{"line":56,"column":34}}]}},"s":{"0":22,"1":22,"2":22,"3":0,"4":9,"5":9,"6":9,"7":21,"8":21,"9":21,"10":9,"11":8,"12":4,"13":4,"14":4,"15":4,"16":3,"17":0,"18":3,"19":4,"20":0,"21":4,"22":9,"23":0,"24":0,"25":0,"26":0,"27":0,"28":0,"29":0,"30":0,"31":0,"32":8,"33":8,"34":8,"35":18,"36":8,"37":4,"38":1,"39":3,"40":3,"41":2,"42":1,"43":1,"44":1},"f":{"0":22,"1":0,"2":9,"3":21,"4":8,"5":0,"6":8,"7":4},"b":{"0":[4],"1":[8,6],"2":[0],"3":[3,3],"4":[0],"5":[0],"6":[1],"7":[2]}}
}
