{"C:\\Users\\Yonatan\\Desktop\\projects\\actual-projects\\linked-list\\LinkedList.ts": {"path":"C:\\Users\\Yonatan\\Desktop\\projects\\actual-projects\\linked-list\\LinkedList.ts","statementMap":{"0":{"start":{"line":2,"column":9},"end":{"line":2,"column":47}},"1":{"start":{"line":5,"column":4},"end":{"line":5,"column":23}},"2":{"start":{"line":6,"column":4},"end":{"line":6,"column":21}},"3":{"start":{"line":10,"column":4},"end":{"line":10,"column":24}},"4":{"start":{"line":14,"column":9},"end":{"line":14,"column":47}},"5":{"start":{"line":15,"column":9},"end":{"line":15,"column":28}},"6":{"start":{"line":17,"column":9},"end":{"line":21,"column":4}},"7":{"start":{"line":18,"column":20},"end":{"line":18,"column":56}},"8":{"start":{"line":19,"column":4},"end":{"line":19,"column":24}},"9":{"start":{"line":20,"column":4},"end":{"line":20,"column":18}},"10":{"start":{"line":30,"column":9},"end":{"line":41,"column":4}},"11":{"start":{"line":31,"column":4},"end":{"line":31,"column":55}},"12":{"start":{"line":31,"column":43},"end":{"line":31,"column":55}},"13":{"start":{"line":32,"column":22},"end":{"line":32,"column":31}},"14":{"start":{"line":33,"column":4},"end":{"line":38,"column":5}},"15":{"start":{"line":33,"column":17},"end":{"line":33,"column":18}},"16":{"start":{"line":34,"column":6},"end":{"line":36,"column":7}},"17":{"start":{"line":35,"column":8},"end":{"line":35,"column":20}},"18":{"start":{"line":37,"column":6},"end":{"line":37,"column":37}},"19":{"start":{"line":39,"column":4},"end":{"line":39,"column":42}},"20":{"start":{"line":39,"column":30},"end":{"line":39,"column":42}},"21":{"start":{"line":40,"column":4},"end":{"line":40,"column":29}},"22":{"start":{"line":42,"column":9},"end":{"line":52,"column":4}},"23":{"start":{"line":43,"column":4},"end":{"line":43,"column":27}},"24":{"start":{"line":43,"column":20},"end":{"line":43,"column":27}},"25":{"start":{"line":44,"column":22},"end":{"line":44,"column":24}},"26":{"start":{"line":45,"column":48},"end":{"line":45,"column":57}},"27":{"start":{"line":46,"column":4},"end":{"line":49,"column":5}},"28":{"start":{"line":47,"column":6},"end":{"line":47,"column":47}},"29":{"start":{"line":48,"column":6},"end":{"line":48,"column":37}},"30":{"start":{"line":50,"column":4},"end":{"line":50,"column":29}},"31":{"start":{"line":51,"column":4},"end":{"line":51,"column":29}},"32":{"start":{"line":53,"column":9},"end":{"line":77,"column":4}},"33":{"start":{"line":54,"column":4},"end":{"line":54,"column":49}},"34":{"start":{"line":54,"column":42},"end":{"line":54,"column":49}},"35":{"start":{"line":55,"column":4},"end":{"line":76,"column":5}},"36":{"start":{"line":56,"column":6},"end":{"line":56,"column":31}},"37":{"start":{"line":58,"column":21},"end":{"line":58,"column":30}},"38":{"start":{"line":59,"column":24},"end":{"line":59,"column":38}},"39":{"start":{"line":61,"column":6},"end":{"line":64,"column":7}},"40":{"start":{"line":61,"column":19},"end":{"line":61,"column":20}},"41":{"start":{"line":62,"column":8},"end":{"line":62,"column":48}},"42":{"start":{"line":62,"column":25},"end":{"line":62,"column":48}},"43":{"start":{"line":63,"column":8},"end":{"line":63,"column":56}},"44":{"start":{"line":63,"column":25},"end":{"line":63,"column":56}},"45":{"start":{"line":67,"column":37},"end":{"line":67,"column":53}},"46":{"start":{"line":68,"column":6},"end":{"line":68,"column":34}},"47":{"start":{"line":69,"column":6},"end":{"line":69,"column":30}},"48":{"start":{"line":70,"column":6},"end":{"line":72,"column":7}},"49":{"start":{"line":71,"column":8},"end":{"line":71,"column":42}},"50":{"start":{"line":73,"column":6},"end":{"line":75,"column":7}},"51":{"start":{"line":74,"column":8},"end":{"line":74,"column":39}},"52":{"start":{"line":24,"column":30},"end":{"line":24,"column":46}},"53":{"start":{"line":25,"column":4},"end":{"line":27,"column":5}},"54":{"start":{"line":25,"column":17},"end":{"line":25,"column":18}},"55":{"start":{"line":26,"column":6},"end":{"line":26,"column":33}},"56":{"start":{"line":28,"column":4},"end":{"line":28,"column":14}},"57":{"start":{"line":79,"column":0},"end":{"line":79,"column":26}}},"fnMap":{"0":{"name":"(anonymous_0)","decl":{"start":{"line":4,"column":2},"end":{"line":4,"column":14}},"loc":{"start":{"line":4,"column":54},"end":{"line":7,"column":3}}},"1":{"name":"(anonymous_1)","decl":{"start":{"line":9,"column":9},"end":{"line":9,"column":16}},"loc":{"start":{"line":9,"column":50},"end":{"line":11,"column":3}}},"2":{"name":"(anonymous_2)","decl":{"start":{"line":13,"column":0},"end":{"line":13,"column":6}},"loc":{"start":{"line":13,"column":0},"end":{"line":78,"column":1}}},"3":{"name":"(anonymous_3)","decl":{"start":{"line":17,"column":24},"end":{"line":17,"column":25}},"loc":{"start":{"line":17,"column":43},"end":{"line":21,"column":3}}},"4":{"name":"(anonymous_4)","decl":{"start":{"line":30,"column":22},"end":{"line":30,"column":23}},"loc":{"start":{"line":30,"column":40},"end":{"line":41,"column":3}}},"5":{"name":"(anonymous_5)","decl":{"start":{"line":42,"column":24},"end":{"line":42,"column":33}},"loc":{"start":{"line":42,"column":35},"end":{"line":52,"column":3}}},"6":{"name":"(anonymous_6)","decl":{"start":{"line":53,"column":25},"end":{"line":53,"column":26}},"loc":{"start":{"line":53,"column":59},"end":{"line":77,"column":3}}},"7":{"name":"(anonymous_7)","decl":{"start":{"line":23,"column":9},"end":{"line":23,"column":15}},"loc":{"start":{"line":23,"column":44},"end":{"line":29,"column":3}}}},"branchMap":{"0":{"loc":{"start":{"line":31,"column":4},"end":{"line":31,"column":55}},"type":"if","locations":[{"start":{"line":31,"column":4},"end":{"line":31,"column":55}}]},"1":{"loc":{"start":{"line":31,"column":8},"end":{"line":31,"column":41}},"type":"binary-expr","locations":[{"start":{"line":31,"column":8},"end":{"line":31,"column":17}},{"start":{"line":31,"column":21},"end":{"line":31,"column":41}}]},"2":{"loc":{"start":{"line":34,"column":6},"end":{"line":36,"column":7}},"type":"if","locations":[{"start":{"line":34,"column":6},"end":{"line":36,"column":7}}]},"3":{"loc":{"start":{"line":34,"column":10},"end":{"line":34,"column":51}},"type":"binary-expr","locations":[{"start":{"line":34,"column":10},"end":{"line":34,"column":22}},{"start":{"line":34,"column":26},"end":{"line":34,"column":51}}]},"4":{"loc":{"start":{"line":39,"column":4},"end":{"line":39,"column":42}},"type":"if","locations":[{"start":{"line":39,"column":4},"end":{"line":39,"column":42}}]},"5":{"loc":{"start":{"line":43,"column":4},"end":{"line":43,"column":27}},"type":"if","locations":[{"start":{"line":43,"column":4},"end":{"line":43,"column":27}}]},"6":{"loc":{"start":{"line":54,"column":4},"end":{"line":54,"column":49}},"type":"if","locations":[{"start":{"line":54,"column":4},"end":{"line":54,"column":49}}]},"7":{"loc":{"start":{"line":54,"column":8},"end":{"line":54,"column":40}},"type":"binary-expr","locations":[{"start":{"line":54,"column":8},"end":{"line":54,"column":17}},{"start":{"line":54,"column":21},"end":{"line":54,"column":40}}]},"8":{"loc":{"start":{"line":55,"column":4},"end":{"line":76,"column":5}},"type":"if","locations":[{"start":{"line":55,"column":4},"end":{"line":76,"column":5}},{"start":{"line":57,"column":11},"end":{"line":76,"column":5}}]},"9":{"loc":{"start":{"line":59,"column":24},"end":{"line":59,"column":38}},"type":"cond-expr","locations":[{"start":{"line":59,"column":32},"end":{"line":59,"column":34}},{"start":{"line":59,"column":24},"end":{"line":59,"column":38}}]},"10":{"loc":{"start":{"line":59,"column":24},"end":{"line":59,"column":34}},"type":"binary-expr","locations":[{"start":{"line":59,"column":24},"end":{"line":59,"column":34}},{"start":{"line":59,"column":24},"end":{"line":59,"column":34}}]},"11":{"loc":{"start":{"line":62,"column":8},"end":{"line":62,"column":48}},"type":"if","locations":[{"start":{"line":62,"column":8},"end":{"line":62,"column":48}}]},"12":{"loc":{"start":{"line":63,"column":8},"end":{"line":63,"column":56}},"type":"if","locations":[{"start":{"line":63,"column":8},"end":{"line":63,"column":56}}]},"13":{"loc":{"start":{"line":69,"column":6},"end":{"line":69,"column":29}},"type":"cond-expr","locations":[{"start":{"line":69,"column":14},"end":{"line":69,"column":16}},{"start":{"line":69,"column":6},"end":{"line":69,"column":29}}]},"14":{"loc":{"start":{"line":69,"column":6},"end":{"line":69,"column":16}},"type":"binary-expr","locations":[{"start":{"line":69,"column":6},"end":{"line":69,"column":16}},{"start":{"line":69,"column":6},"end":{"line":69,"column":16}}]},"15":{"loc":{"start":{"line":70,"column":6},"end":{"line":72,"column":7}},"type":"if","locations":[{"start":{"line":70,"column":6},"end":{"line":72,"column":7}}]},"16":{"loc":{"start":{"line":70,"column":10},"end":{"line":70,"column":57}},"type":"binary-expr","locations":[{"start":{"line":70,"column":10},"end":{"line":70,"column":22}},{"start":{"line":70,"column":26},"end":{"line":70,"column":37}},{"start":{"line":70,"column":41},"end":{"line":70,"column":57}}]},"17":{"loc":{"start":{"line":73,"column":6},"end":{"line":75,"column":7}},"type":"if","locations":[{"start":{"line":73,"column":6},"end":{"line":75,"column":7}}]}},"s":{"0":22,"1":22,"2":22,"3":2,"4":10,"5":10,"6":10,"7":22,"8":22,"9":22,"10":10,"11":4,"12":2,"13":2,"14":2,"15":2,"16":2,"17":0,"18":2,"19":2,"20":0,"21":2,"22":10,"23":0,"24":0,"25":0,"26":0,"27":0,"28":0,"29":0,"30":0,"31":0,"32":10,"33":4,"34":2,"35":2,"36":1,"37":1,"38":1,"39":1,"40":1,"41":0,"42":0,"43":0,"44":0,"45":1,"46":1,"47":1,"48":1,"49":0,"50":1,"51":1,"52":8,"53":8,"54":8,"55":18,"56":8,"57":1},"f":{"0":22,"1":2,"2":10,"3":22,"4":4,"5":0,"6":4,"7":8},"b":{"0":[2],"1":[4,3],"2":[0],"3":[2,2],"4":[0],"5":[0],"6":[2],"7":[4,3],"8":[1,1],"9":[0,1],"10":[1,1],"11":[0],"12":[0],"13":[0,1],"14":[1,1],"15":[0],"16":[1,1,1],"17":[1]}}
}
