TN:
SF:LinkedList.ts
FN:4,(anonymous_0)
FN:9,(anonymous_1)
FN:13,(anonymous_2)
FN:17,(anonymous_3)
FN:30,(anonymous_4)
FN:42,(anonymous_5)
FN:53,(anonymous_6)
FN:23,(anonymous_7)
FNF:8
FNH:7
FNDA:22,(anonymous_0)
FNDA:2,(anonymous_1)
FNDA:10,(anonymous_2)
FNDA:22,(anonymous_3)
FNDA:4,(anonymous_4)
FNDA:0,(anonymous_5)
FNDA:4,(anonymous_6)
FNDA:8,(anonymous_7)
DA:2,22
DA:5,22
DA:6,22
DA:10,2
DA:14,10
DA:15,10
DA:17,10
DA:18,22
DA:19,22
DA:20,22
DA:24,8
DA:25,8
DA:26,18
DA:28,8
DA:30,10
DA:31,4
DA:32,2
DA:33,2
DA:34,2
DA:35,0
DA:37,2
DA:39,2
DA:40,2
DA:42,10
DA:43,0
DA:44,0
DA:45,0
DA:46,0
DA:47,0
DA:48,0
DA:50,0
DA:51,0
DA:53,10
DA:54,4
DA:55,2
DA:56,1
DA:58,1
DA:59,1
DA:61,1
DA:62,0
DA:63,0
DA:67,1
DA:68,1
DA:69,1
DA:70,1
DA:71,0
DA:73,1
DA:74,1
DA:79,1
LF:49
LH:37
BRDA:31,0,0,2
BRDA:31,1,0,4
BRDA:31,1,1,3
BRDA:34,2,0,0
BRDA:34,3,0,2
BRDA:34,3,1,2
BRDA:39,4,0,0
BRDA:43,5,0,0
BRDA:54,6,0,2
BRDA:54,7,0,4
BRDA:54,7,1,3
BRDA:55,8,0,1
BRDA:55,8,1,1
BRDA:59,9,0,0
BRDA:59,9,1,1
BRDA:59,10,0,1
BRDA:59,10,1,1
BRDA:62,11,0,0
BRDA:63,12,0,0
BRDA:69,13,0,0
BRDA:69,13,1,1
BRDA:69,14,0,1
BRDA:69,14,1,1
BRDA:70,15,0,0
BRDA:70,16,0,1
BRDA:70,16,1,1
BRDA:70,16,2,1
BRDA:73,17,0,1
BRF:28
BRH:20
end_of_record
