TN:
SF:LinkedList.ts
FN:4,(anonymous_0)
FN:9,(anonymous_1)
FN:13,(anonymous_2)
FN:26,(anonymous_3)
FN:19,(anonymous_4)
FNF:5
FNH:5
FNDA:12,(anonymous_0)
FNDA:5,(anonymous_1)
FNDA:12,(anonymous_2)
FNDA:4,(anonymous_3)
FNDA:4,(anonymous_4)
DA:2,12
DA:5,12
DA:6,12
DA:10,5
DA:11,5
DA:13,5
DA:14,12
DA:15,12
DA:16,12
DA:20,4
DA:21,4
DA:22,10
DA:24,4
DA:26,5
DA:27,4
DA:28,2
DA:29,2
DA:30,2
DA:31,0
DA:33,2
DA:35,2
DA:36,2
DA:39,1
LF:23
LH:22
BRDA:27,0,0,2
BRDA:27,1,0,4
BRDA:27,1,1,3
BRDA:30,2,0,0
BRDA:30,3,0,2
BRDA:30,3,1,2
BRDA:35,4,0,0
BRF:7
BRH:5
end_of_record
